<?xml version="1.0" encoding="UTF-8"?>
<!-- Generated by org.testng.reporters.JUnitXMLReporter -->
<testsuite hostname="LAPTOP-62TB55UM" ignored="0" name="Test" tests="3" failures="0" timestamp="07 Jun 2021 11:01:03 GMT" time="27.532" errors="0">
  <testcase name="AmazonHomePage" time="12.088" classname="Testing.Automation.HomePage"/>
  <testcase name="AmazonHomePage" time="3.779" classname="Testing.Automation.HomePage"/>
  <testcase name="AmazonHomePage" time="5.003" classname="Testing.Automation.HomePage"/>
</testsuite> <!-- Test -->
