<?xml version="1.0" encoding="UTF-8"?>
<!-- Generated by org.testng.reporters.JUnitXMLReporter -->
<testsuite hostname="LAPTOP-62TB55UM" ignored="0" name="Test" tests="3" failures="0" timestamp="06 Jun 2021 14:49:44 GMT" time="41.763" errors="0">
  <testcase name="AmazonHomePage" time="10.399" classname="Testing.Automation.HomePage"/>
  <testcase name="AmazonHomePage" time="4.43" classname="Testing.Automation.HomePage"/>
  <testcase name="validateAppTitle" time="13.318" classname="Testing.Automation.TestAmazonCovidTitle"/>
</testsuite> <!-- Test -->
