<?xml version="1.0" encoding="UTF-8"?>
<!-- Generated by org.testng.reporters.JUnitXMLReporter -->
<testsuite hostname="LAPTOP-62TB55UM" ignored="0" name="validatin amazon msg" tests="2" failures="2" timestamp="15 Jun 2021 01:47:39 GMT" time="21.915" errors="0">
  <testcase name="validatemessageTitle" time="17.71" classname="Testing.Automation.Amazonmessagevalidation">
    <failure type="java.lang.AssertionError" message="expected [You are on amazon123.com. You can also shop on Amazon India for millions of products with fast local delivery.] but found [You are on amazon.com. You can also shop on Amazon India for millions of products with fast local delivery.]">
      <![CDATA[java.lang.AssertionError: expected [You are on amazon123.com. You can also shop on Amazon India for millions of products with fast local delivery.] but found [You are on amazon.com. You can also shop on Amazon India for millions of products with fast local delivery.]
at Testing.Automation.Amazonmessagevalidation.validatemessageTitle(Amazonmessagevalidation.java:34)
at java.util.concurrent.FutureTask.run(Unknown Source)
at java.util.concurrent.ThreadPoolExecutor.runWorker(Unknown Source)
at java.util.concurrent.ThreadPoolExecutor$Worker.run(Unknown Source)
at java.lang.Thread.run(Unknown Source)
... Removed 22 stack frames]]>
    </failure>
  </testcase> <!-- validatemessageTitle -->
  <testcase name="validatemessageTitle" time="18.123" classname="Testing.Automation.Amazonmessagevalidation">
    <failure type="java.lang.NoClassDefFoundError" message="org/apache/commons/io/FileUtils">
      <![CDATA[java.lang.NoClassDefFoundError: org/apache/commons/io/FileUtils
at resources.Base.getScreenShotPath(Base.java:67)
at Testing.Automation.Listener.onTestFailure(Listener.java:44)
at java.util.concurrent.FutureTask.run(Unknown Source)
at java.util.concurrent.ThreadPoolExecutor.runWorker(Unknown Source)
at java.util.concurrent.ThreadPoolExecutor$Worker.run(Unknown Source)
at java.lang.Thread.run(Unknown Source)
Caused by: java.lang.ClassNotFoundException: org.apache.commons.io.FileUtils
at java.net.URLClassLoader.findClass(Unknown Source)
at java.lang.ClassLoader.loadClass(Unknown Source)
at sun.misc.Launcher$AppClassLoader.loadClass(Unknown Source)
at java.lang.ClassLoader.loadClass(Unknown Source)
... 19 more
... Removed 13 stack frames]]>
    </failure>
  </testcase> <!-- validatemessageTitle -->
</testsuite> <!-- validatin amazon msg -->
