<?xml version="1.0" encoding="UTF-8"?>
<!-- Generated by org.testng.reporters.JUnitXMLReporter -->
<testsuite hostname="LAPTOP-62TB55UM" ignored="0" name="validatin userlogins" tests="3" failures="0" timestamp="15 Jun 2021 01:47:56 GMT" time="38.532" errors="0">
  <testcase name="AmazonHomePage" time="23.984" classname="Testing.Automation.HomePage"/>
  <testcase name="AmazonHomePage" time="3.82" classname="Testing.Automation.HomePage"/>
  <testcase name="AmazonHomePage" time="4.255" classname="Testing.Automation.HomePage"/>
</testsuite> <!-- validatin userlogins -->
