<?xml version="1.0" encoding="UTF-8"?>
<testsuite xmlns:xsi="http://www.w3.org/2001/XMLSchema-instance" xsi:noNamespaceSchemaLocation="https://maven.apache.org/surefire/maven-surefire-plugin/xsd/surefire-test-report.xsd" name="TestSuite" time="39.519" tests="6" errors="0" skipped="0" failures="2">
  <properties>
[...]
</properties>
  <testcase name="validatemessageTitle" classname="Testing.Automation.Amazonmessagevalidation" time="17.726">
    <failure message="expected [You are on amazon123.com. You can also shop on Amazon India for millions of products with fast local delivery.] but found [You are on amazon.com. You can also shop on Amazon India for millions of products with fast local delivery.]" type="java.lang.AssertionError">java.lang.AssertionError: expected [You are on amazon123.com. You can also shop on Amazon India for millions of products with fast local delivery.] but found [You are on amazon.com. You can also shop on Amazon India for millions of products with fast local delivery.]
	at Testing.Automation.Amazonmessagevalidation.validatemessageTitle(Amazonmessagevalidation.java:34)
</failure>
    <system-out><![CDATA[...
... TestNG 6.14.3 by Cédric Beust (cedric@beust.com)
...

chrome
chrome
chrome
]]></system-out>
    <system-err><![CDATA[ERROR StatusLogger No log4j2 configuration file found. Using default configuration: logging only errors to the console. Set system property 'org.apache.logging.log4j.simplelog.StatusLogger.level' to TRACE to show Log4j2 internal initialization logging.
Starting ChromeDriver 90.0.4430.24 (4c6d850f087da467d926e8eddb76550aed655991-refs/branch-heads/4430@{#429}) on port 19014
Only local connections are allowed.
Please see https://chromedriver.chromium.org/security-considerations for suggestions on keeping ChromeDriver safe.
Starting ChromeDriver 90.0.4430.24 (4c6d850f087da467d926e8eddb76550aed655991-refs/branch-heads/4430@{#429}) on port 16618
Only local connections are allowed.
Please see https://chromedriver.chromium.org/security-considerations for suggestions on keeping ChromeDriver safe.
ChromeDriver was started successfully.
ChromeDriver was started successfully.
Starting ChromeDriver 90.0.4430.24 (4c6d850f087da467d926e8eddb76550aed655991-refs/branch-heads/4430@{#429}) on port 31151
Only local connections are allowed.
Please see https://chromedriver.chromium.org/security-considerations for suggestions on keeping ChromeDriver safe.
ChromeDriver was started successfully.
[1623721639.460][WARNING]: This version of ChromeDriver has not been tested with Chrome version 91.
Jun 15, 2021 7:17:19 AM org.openqa.selenium.remote.ProtocolHandshake createSession
INFO: Detected dialect: W3C
[1623721639.655][WARNING]: This version of ChromeDriver has not been tested with Chrome version 91.
Jun 15, 2021 7:17:19 AM org.openqa.selenium.remote.ProtocolHandshake createSession
INFO: Detected dialect: W3C
[1623721640.634][WARNING]: This version of ChromeDriver has not been tested with Chrome version 91.
Jun 15, 2021 7:17:20 AM org.openqa.selenium.remote.ProtocolHandshake createSession
INFO: Detected dialect: W3C
]]></system-err>
  </testcase>
  <testcase name="validatemessageTitle" classname="Testing.Automation.Amazonmessagevalidation" time="18.122">
    <failure message="org/apache/commons/io/FileUtils" type="java.lang.NoClassDefFoundError">java.lang.NoClassDefFoundError: org/apache/commons/io/FileUtils
Caused by: java.lang.ClassNotFoundException: org.apache.commons.io.FileUtils
</failure>
  </testcase>
  <testcase name="AmazonHomePage" classname="Testing.Automation.HomePage" time="22.981"/>
  <testcase name="AmazonHomePage" classname="Testing.Automation.HomePage" time="3.821"/>
  <testcase name="AmazonHomePage" classname="Testing.Automation.HomePage" time="4.256"/>
  <testcase name="validateAppTitle" classname="Testing.Automation.TestAmazonCovidTitle" time="1.484"/>
</testsuite>